<?xml version="1.0" encoding="UTF-8"?>
<!-- Generated by org.testng.reporters.JUnitReportReporter -->
<testsuite hostname="LAPTOP-2Q47I0S4" failures="0" tests="5" name="mavenProject.phpTravel.TestClass" time="59.854" errors="0" timestamp="2020-12-08T18:18:38 IST" skipped="0">
  <testcase classname="mavenProject.phpTravel.TestClass" name="compareExpectedAndActualTitle" time="4.529"/>
  <system-out/>
  <testcase classname="mavenProject.phpTravel.TestClass" name="compareExpectedAndActualFeatureTitle" time="6.146"/>
  <system-out/>
  <testcase classname="mavenProject.phpTravel.TestClass" name="compareExpectedAndActualProductTitle" time="6.012"/>
  <system-out/>
  <testcase classname="mavenProject.phpTravel.TestClass" name="compareExpectedAndActualCompanyTitle" time="5.646"/>
  <system-out/>
  <testcase classname="mavenProject.phpTravel.TestClass" name="moveToDemoWindow" time="37.521"/>
  <system-out/>
</testsuite> <!-- mavenProject.phpTravel.TestClass -->
