<?xml version="1.0" encoding="UTF-8"?>
<!-- Generated by org.testng.reporters.JUnitReportReporter -->
<testsuite hostname="LAPTOP-2Q47I0S4" failures="0" tests="5" name="mavenProject.phpTravel.TestClass" time="34.421" errors="0" timestamp="2020-12-07T18:38:09 IST" skipped="0">
  <testcase classname="mavenProject.phpTravel.TestClass" name="compareExpectedAndActualTitle" time="4.164"/>
  <system-out/>
  <testcase classname="mavenProject.phpTravel.TestClass" name="compareExpectedAndActualFeatureTitle" time="5.746"/>
  <system-out/>
  <testcase classname="mavenProject.phpTravel.TestClass" name="compareExpectedAndActualProductTitle" time="5.751"/>
  <system-out/>
  <testcase classname="mavenProject.phpTravel.TestClass" name="compareExpectedAndActualCompanyTitle" time="5.640"/>
  <system-out/>
  <testcase classname="mavenProject.phpTravel.TestClass" name="moveToDemoWindow" time="13.120"/>
  <system-out/>
</testsuite> <!-- mavenProject.phpTravel.TestClass -->
