<?xml version="1.0" encoding="UTF-8"?>
<!-- Generated by org.testng.reporters.JUnitReportReporter -->
<testsuite hostname="LAPTOP-2Q47I0S4" failures="0" tests="5" name="mavenProject.phpTravel.TestClass" time="41.973" errors="0" timestamp="2020-12-03T20:58:13 IST" skipped="0">
  <testcase classname="mavenProject.phpTravel.TestClass" name="compareExpectedAndActualTitle" time="4.494"/>
  <system-out/>
  <testcase classname="mavenProject.phpTravel.TestClass" name="compareExpectedAndActualFeatureTitle" time="5.400"/>
  <system-out/>
  <testcase classname="mavenProject.phpTravel.TestClass" name="compareExpectedAndActualProductTitle" time="15.342"/>
  <system-out/>
  <testcase classname="mavenProject.phpTravel.TestClass" name="compareExpectedAndActualCompanyTitle" time="15.355"/>
  <system-out/>
  <testcase classname="mavenProject.phpTravel.TestClass" name="moveToDemoWindow" time="1.382"/>
  <system-out/>
</testsuite> <!-- mavenProject.phpTravel.TestClass -->
