<?xml version="1.0" encoding="UTF-8"?>
<!-- Generated by org.testng.reporters.JUnitReportReporter -->
<testsuite hostname="LAPTOP-2Q47I0S4" failures="0" tests="2" name="mavenProject.phpTravel.TestClass" time="55.233" errors="0" timestamp="2020-12-08T15:53:16 IST" skipped="0">
  <testcase classname="mavenProject.phpTravel.TestClass" name="compareExpectedAndActualTitle" time="20.432"/>
  <system-out/>
  <testcase classname="mavenProject.phpTravel.TestClass" name="moveToDemoWindow" time="34.801"/>
  <system-out/>
</testsuite> <!-- mavenProject.phpTravel.TestClass -->
