<?xml version="1.0" encoding="UTF-8"?>
<!-- Generated by org.testng.reporters.JUnitReportReporter -->
<testsuite hostname="LAPTOP-2Q47I0S4" failures="0" tests="5" name="mavenProject.phpTravel.TestClass" time="43.035" errors="0" timestamp="2020-12-04T18:24:56 IST" skipped="0">
  <testcase classname="mavenProject.phpTravel.TestClass" name="compareExpectedAndActualTitle" time="23.272"/>
  <system-out/>
  <testcase classname="mavenProject.phpTravel.TestClass" name="compareExpectedAndActualFeatureTitle" time="5.759"/>
  <system-out/>
  <testcase classname="mavenProject.phpTravel.TestClass" name="compareExpectedAndActualProductTitle" time="5.774"/>
  <system-out/>
  <testcase classname="mavenProject.phpTravel.TestClass" name="compareExpectedAndActualCompanyTitle" time="5.758"/>
  <system-out/>
  <testcase classname="mavenProject.phpTravel.TestClass" name="moveToDemoWindow" time="2.472"/>
  <system-out/>
</testsuite> <!-- mavenProject.phpTravel.TestClass -->
